<?xml version="1.0" encoding="UTF-8"?>
<testng-results ignored="0" total="1" passed="1" failed="0" skipped="0">
  <reporter-output>
  </reporter-output>
  <suite started-at="2019-07-26T06:07:44Z" name="Default suite" finished-at="2019-07-26T06:07:47Z" duration-ms="2571">
    <groups>
    </groups>
    <test started-at="2019-07-26T06:07:44Z" name="Default test" finished-at="2019-07-26T06:07:47Z" duration-ms="2571">
      <class name="com.apitesting.ApiTest1">
        <test-method signature="test()[pri:0, instance:com.apitesting.ApiTest1@4ae3c1cd]" started-at="2019-07-26T06:07:44Z" name="test" finished-at="2019-07-26T06:07:47Z" duration-ms="2548" status="PASS">
          <reporter-output>
          </reporter-output>
        </test-method> <!-- test -->
      </class> <!-- com.apitesting.ApiTest1 -->
    </test> <!-- Default test -->
  </suite> <!-- Default suite -->
</testng-results>
